Analysis & Synthesis report for square
Mon Oct 08 16:32:02 2018
Quartus Prime Version 17.1.0 Build 590 10/25/2017 SJ Lite Edition


---------------------
; Table of Contents ;
---------------------
  1. Legal Notice
  2. Analysis & Synthesis Summary
  3. Analysis & Synthesis Settings
  4. Parallel Compilation
  5. Analysis & Synthesis Source Files Read
  6. Analysis & Synthesis Resource Usage Summary
  7. Analysis & Synthesis Resource Utilization by Entity
  8. General Register Statistics
  9. Source assignments for altsqrt:ALTSQRT_component|dffpipe:a_delay
 10. Source assignments for altsqrt:ALTSQRT_component|dffpipe:b_dffe[15]
 11. Source assignments for altsqrt:ALTSQRT_component|dffpipe:b_dffe[14]
 12. Source assignments for altsqrt:ALTSQRT_component|dffpipe:b_dffe[13]
 13. Source assignments for altsqrt:ALTSQRT_component|dffpipe:b_dffe[12]
 14. Source assignments for altsqrt:ALTSQRT_component|dffpipe:b_dffe[11]
 15. Source assignments for altsqrt:ALTSQRT_component|dffpipe:b_dffe[10]
 16. Source assignments for altsqrt:ALTSQRT_component|dffpipe:b_dffe[9]
 17. Source assignments for altsqrt:ALTSQRT_component|dffpipe:b_dffe[8]
 18. Source assignments for altsqrt:ALTSQRT_component|dffpipe:b_dffe[7]
 19. Source assignments for altsqrt:ALTSQRT_component|dffpipe:b_dffe[6]
 20. Source assignments for altsqrt:ALTSQRT_component|dffpipe:b_dffe[5]
 21. Source assignments for altsqrt:ALTSQRT_component|dffpipe:b_dffe[4]
 22. Source assignments for altsqrt:ALTSQRT_component|dffpipe:b_dffe[3]
 23. Source assignments for altsqrt:ALTSQRT_component|dffpipe:b_dffe[2]
 24. Source assignments for altsqrt:ALTSQRT_component|dffpipe:b_dffe[1]
 25. Source assignments for altsqrt:ALTSQRT_component|dffpipe:b_dffe[0]
 26. Source assignments for altsqrt:ALTSQRT_component|dffpipe:r_dffe[15]
 27. Source assignments for altsqrt:ALTSQRT_component|dffpipe:r_dffe[14]
 28. Source assignments for altsqrt:ALTSQRT_component|dffpipe:r_dffe[13]
 29. Source assignments for altsqrt:ALTSQRT_component|dffpipe:r_dffe[12]
 30. Source assignments for altsqrt:ALTSQRT_component|dffpipe:r_dffe[11]
 31. Source assignments for altsqrt:ALTSQRT_component|dffpipe:r_dffe[10]
 32. Source assignments for altsqrt:ALTSQRT_component|dffpipe:r_dffe[9]
 33. Source assignments for altsqrt:ALTSQRT_component|dffpipe:r_dffe[8]
 34. Source assignments for altsqrt:ALTSQRT_component|dffpipe:r_dffe[7]
 35. Source assignments for altsqrt:ALTSQRT_component|dffpipe:r_dffe[6]
 36. Source assignments for altsqrt:ALTSQRT_component|dffpipe:r_dffe[5]
 37. Source assignments for altsqrt:ALTSQRT_component|dffpipe:r_dffe[4]
 38. Source assignments for altsqrt:ALTSQRT_component|dffpipe:r_dffe[3]
 39. Source assignments for altsqrt:ALTSQRT_component|dffpipe:r_dffe[2]
 40. Source assignments for altsqrt:ALTSQRT_component|dffpipe:r_dffe[1]
 41. Source assignments for altsqrt:ALTSQRT_component|dffpipe:r_dffe[0]
 42. Source assignments for altsqrt:ALTSQRT_component|dffpipe:q_final_dff
 43. Source assignments for altsqrt:ALTSQRT_component|dffpipe:r_final_dff
 44. Parameter Settings for User Entity Instance: altsqrt:ALTSQRT_component
 45. Post-Synthesis Netlist Statistics for Top Partition
 46. Elapsed Time Per Partition
 47. Analysis & Synthesis Messages



----------------
; Legal Notice ;
----------------
Copyright (C) 2017  Intel Corporation. All rights reserved.
Your use of Intel Corporation's design tools, logic functions 
and other software and tools, and its AMPP partner logic 
functions, and any output files from any of the foregoing 
(including device programming or simulation files), and any 
associated documentation or information are expressly subject 
to the terms and conditions of the Intel Program License 
Subscription Agreement, the Intel Quartus Prime License Agreement,
the Intel FPGA IP License Agreement, or other applicable license
agreement, including, without limitation, that your use is for
the sole purpose of programming logic devices manufactured by
Intel and sold by Intel or its authorized distributors.  Please
refer to the applicable agreement for further details.



+-------------------------------------------------------------------------------+
; Analysis & Synthesis Summary                                                  ;
+---------------------------------+---------------------------------------------+
; Analysis & Synthesis Status     ; Successful - Mon Oct 08 16:32:02 2018       ;
; Quartus Prime Version           ; 17.1.0 Build 590 10/25/2017 SJ Lite Edition ;
; Revision Name                   ; square                                      ;
; Top-level Entity Name           ; square                                      ;
; Family                          ; Cyclone V                                   ;
; Logic utilization (in ALMs)     ; N/A                                         ;
; Total registers                 ; 0                                           ;
; Total pins                      ; 65                                          ;
; Total virtual pins              ; 0                                           ;
; Total block memory bits         ; 0                                           ;
; Total DSP Blocks                ; 0                                           ;
; Total HSSI RX PCSs              ; 0                                           ;
; Total HSSI PMA RX Deserializers ; 0                                           ;
; Total HSSI TX PCSs              ; 0                                           ;
; Total HSSI PMA TX Serializers   ; 0                                           ;
; Total PLLs                      ; 0                                           ;
; Total DLLs                      ; 0                                           ;
+---------------------------------+---------------------------------------------+


+---------------------------------------------------------------------------------------------------------------------------+
; Analysis & Synthesis Settings                                                                                             ;
+---------------------------------------------------------------------------------+--------------------+--------------------+
; Option                                                                          ; Setting            ; Default Value      ;
+---------------------------------------------------------------------------------+--------------------+--------------------+
; Device                                                                          ; 5CGXFC7C7F23C8     ;                    ;
; Top-level entity name                                                           ; square             ; square             ;
; Family name                                                                     ; Cyclone V          ; Cyclone V          ;
; Use smart compilation                                                           ; Off                ; Off                ;
; Enable parallel Assembler and TimeQuest Timing Analyzer during compilation      ; On                 ; On                 ;
; Enable compact report table                                                     ; Off                ; Off                ;
; Restructure Multiplexers                                                        ; Auto               ; Auto               ;
; MLAB Add Timing Constraints For Mixed-Port Feed-Through Mode Setting Don't Care ; Off                ; Off                ;
; Create Debugging Nodes for IP Cores                                             ; Off                ; Off                ;
; Preserve fewer node names                                                       ; On                 ; On                 ;
; Intel FPGA IP Evaluation Mode                                                   ; Enable             ; Enable             ;
; Verilog Version                                                                 ; Verilog_2001       ; Verilog_2001       ;
; VHDL Version                                                                    ; VHDL_1993          ; VHDL_1993          ;
; State Machine Processing                                                        ; Auto               ; Auto               ;
; Safe State Machine                                                              ; Off                ; Off                ;
; Extract Verilog State Machines                                                  ; On                 ; On                 ;
; Extract VHDL State Machines                                                     ; On                 ; On                 ;
; Ignore Verilog initial constructs                                               ; Off                ; Off                ;
; Iteration limit for constant Verilog loops                                      ; 5000               ; 5000               ;
; Iteration limit for non-constant Verilog loops                                  ; 250                ; 250                ;
; Add Pass-Through Logic to Inferred RAMs                                         ; On                 ; On                 ;
; Infer RAMs from Raw Logic                                                       ; On                 ; On                 ;
; Parallel Synthesis                                                              ; On                 ; On                 ;
; DSP Block Balancing                                                             ; Auto               ; Auto               ;
; NOT Gate Push-Back                                                              ; On                 ; On                 ;
; Power-Up Don't Care                                                             ; On                 ; On                 ;
; Remove Redundant Logic Cells                                                    ; Off                ; Off                ;
; Remove Duplicate Registers                                                      ; On                 ; On                 ;
; Ignore CARRY Buffers                                                            ; Off                ; Off                ;
; Ignore CASCADE Buffers                                                          ; Off                ; Off                ;
; Ignore GLOBAL Buffers                                                           ; Off                ; Off                ;
; Ignore ROW GLOBAL Buffers                                                       ; Off                ; Off                ;
; Ignore LCELL Buffers                                                            ; Off                ; Off                ;
; Ignore SOFT Buffers                                                             ; On                 ; On                 ;
; Limit AHDL Integers to 32 Bits                                                  ; Off                ; Off                ;
; Optimization Technique                                                          ; Balanced           ; Balanced           ;
; Carry Chain Length                                                              ; 70                 ; 70                 ;
; Auto Carry Chains                                                               ; On                 ; On                 ;
; Auto Open-Drain Pins                                                            ; On                 ; On                 ;
; Perform WYSIWYG Primitive Resynthesis                                           ; Off                ; Off                ;
; Auto ROM Replacement                                                            ; On                 ; On                 ;
; Auto RAM Replacement                                                            ; On                 ; On                 ;
; Auto DSP Block Replacement                                                      ; On                 ; On                 ;
; Auto Shift Register Replacement                                                 ; Auto               ; Auto               ;
; Allow Shift Register Merging across Hierarchies                                 ; Auto               ; Auto               ;
; Auto Clock Enable Replacement                                                   ; On                 ; On                 ;
; Strict RAM Replacement                                                          ; Off                ; Off                ;
; Allow Synchronous Control Signals                                               ; On                 ; On                 ;
; Force Use of Synchronous Clear Signals                                          ; Off                ; Off                ;
; Auto Resource Sharing                                                           ; Off                ; Off                ;
; Allow Any RAM Size For Recognition                                              ; Off                ; Off                ;
; Allow Any ROM Size For Recognition                                              ; Off                ; Off                ;
; Allow Any Shift Register Size For Recognition                                   ; Off                ; Off                ;
; Use LogicLock Constraints during Resource Balancing                             ; On                 ; On                 ;
; Ignore translate_off and synthesis_off directives                               ; Off                ; Off                ;
; Timing-Driven Synthesis                                                         ; On                 ; On                 ;
; Report Parameter Settings                                                       ; On                 ; On                 ;
; Report Source Assignments                                                       ; On                 ; On                 ;
; Report Connectivity Checks                                                      ; On                 ; On                 ;
; Ignore Maximum Fan-Out Assignments                                              ; Off                ; Off                ;
; Synchronization Register Chain Length                                           ; 3                  ; 3                  ;
; Power Optimization During Synthesis                                             ; Normal compilation ; Normal compilation ;
; HDL message level                                                               ; Level2             ; Level2             ;
; Suppress Register Optimization Related Messages                                 ; Off                ; Off                ;
; Number of Removed Registers Reported in Synthesis Report                        ; 5000               ; 5000               ;
; Number of Swept Nodes Reported in Synthesis Report                              ; 5000               ; 5000               ;
; Number of Inverted Registers Reported in Synthesis Report                       ; 100                ; 100                ;
; Clock MUX Protection                                                            ; On                 ; On                 ;
; Auto Gated Clock Conversion                                                     ; Off                ; Off                ;
; Block Design Naming                                                             ; Auto               ; Auto               ;
; SDC constraint protection                                                       ; Off                ; Off                ;
; Synthesis Effort                                                                ; Auto               ; Auto               ;
; Shift Register Replacement - Allow Asynchronous Clear Signal                    ; On                 ; On                 ;
; Pre-Mapping Resynthesis Optimization                                            ; Off                ; Off                ;
; Analysis & Synthesis Message Level                                              ; Medium             ; Medium             ;
; Disable Register Merging Across Hierarchies                                     ; Auto               ; Auto               ;
; Resource Aware Inference For Block RAM                                          ; On                 ; On                 ;
; Automatic Parallel Synthesis                                                    ; On                 ; On                 ;
; Partial Reconfiguration Bitstream ID                                            ; Off                ; Off                ;
+---------------------------------------------------------------------------------+--------------------+--------------------+


+------------------------------------------+
; Parallel Compilation                     ;
+----------------------------+-------------+
; Processors                 ; Number      ;
+----------------------------+-------------+
; Number detected on machine ; 8           ;
; Maximum allowed            ; 4           ;
;                            ;             ;
; Average used               ; 1.00        ;
; Maximum used               ; 1           ;
;                            ;             ;
; Usage by Processor         ; % Time Used ;
;     Processor 1            ; 100.0%      ;
+----------------------------+-------------+


+------------------------------------------------------------------------------------------------------------------------------------------------------------------------------+
; Analysis & Synthesis Source Files Read                                                                                                                                       ;
+----------------------------------+-----------------+------------------------------+--------------------------------------------------------------------------------+---------+
; File Name with User-Entered Path ; Used in Netlist ; File Type                    ; File Name with Absolute Path                                                   ; Library ;
+----------------------------------+-----------------+------------------------------+--------------------------------------------------------------------------------+---------+
; square.v                         ; yes             ; User Wizard-Generated File   ; D:/TCC/ukf_hardware/IP/greybox_tmp/square.v                                    ;         ;
; altsqrt.tdf                      ; yes             ; Megafunction                 ; d:/intelfpga_lite/17.1/quartus/libraries/megafunctions/altsqrt.tdf             ;         ;
; lpm_add_sub.inc                  ; yes             ; Megafunction                 ; d:/intelfpga_lite/17.1/quartus/libraries/megafunctions/lpm_add_sub.inc         ;         ;
; dffpipe.inc                      ; yes             ; Megafunction                 ; d:/intelfpga_lite/17.1/quartus/libraries/megafunctions/dffpipe.inc             ;         ;
; lpm_add_sub.tdf                  ; yes             ; Megafunction                 ; d:/intelfpga_lite/17.1/quartus/libraries/megafunctions/lpm_add_sub.tdf         ;         ;
; addcore.inc                      ; yes             ; Megafunction                 ; d:/intelfpga_lite/17.1/quartus/libraries/megafunctions/addcore.inc             ;         ;
; look_add.inc                     ; yes             ; Megafunction                 ; d:/intelfpga_lite/17.1/quartus/libraries/megafunctions/look_add.inc            ;         ;
; bypassff.inc                     ; yes             ; Megafunction                 ; d:/intelfpga_lite/17.1/quartus/libraries/megafunctions/bypassff.inc            ;         ;
; altshift.inc                     ; yes             ; Megafunction                 ; d:/intelfpga_lite/17.1/quartus/libraries/megafunctions/altshift.inc            ;         ;
; alt_stratix_add_sub.inc          ; yes             ; Megafunction                 ; d:/intelfpga_lite/17.1/quartus/libraries/megafunctions/alt_stratix_add_sub.inc ;         ;
; aglobal171.inc                   ; yes             ; Megafunction                 ; d:/intelfpga_lite/17.1/quartus/libraries/megafunctions/aglobal171.inc          ;         ;
; db/add_sub_hjc.tdf               ; yes             ; Auto-Generated Megafunction  ; D:/TCC/ukf_hardware/IP/greybox_tmp/db/add_sub_hjc.tdf                          ;         ;
; db/add_sub_gjc.tdf               ; yes             ; Auto-Generated Megafunction  ; D:/TCC/ukf_hardware/IP/greybox_tmp/db/add_sub_gjc.tdf                          ;         ;
; db/add_sub_fjc.tdf               ; yes             ; Auto-Generated Megafunction  ; D:/TCC/ukf_hardware/IP/greybox_tmp/db/add_sub_fjc.tdf                          ;         ;
; db/add_sub_ejc.tdf               ; yes             ; Auto-Generated Megafunction  ; D:/TCC/ukf_hardware/IP/greybox_tmp/db/add_sub_ejc.tdf                          ;         ;
; db/add_sub_djc.tdf               ; yes             ; Auto-Generated Megafunction  ; D:/TCC/ukf_hardware/IP/greybox_tmp/db/add_sub_djc.tdf                          ;         ;
; db/add_sub_cjc.tdf               ; yes             ; Auto-Generated Megafunction  ; D:/TCC/ukf_hardware/IP/greybox_tmp/db/add_sub_cjc.tdf                          ;         ;
; db/add_sub_bjc.tdf               ; yes             ; Auto-Generated Megafunction  ; D:/TCC/ukf_hardware/IP/greybox_tmp/db/add_sub_bjc.tdf                          ;         ;
; db/add_sub_ajc.tdf               ; yes             ; Auto-Generated Megafunction  ; D:/TCC/ukf_hardware/IP/greybox_tmp/db/add_sub_ajc.tdf                          ;         ;
; db/add_sub_9jc.tdf               ; yes             ; Auto-Generated Megafunction  ; D:/TCC/ukf_hardware/IP/greybox_tmp/db/add_sub_9jc.tdf                          ;         ;
; db/add_sub_1ic.tdf               ; yes             ; Auto-Generated Megafunction  ; D:/TCC/ukf_hardware/IP/greybox_tmp/db/add_sub_1ic.tdf                          ;         ;
; db/add_sub_0ic.tdf               ; yes             ; Auto-Generated Megafunction  ; D:/TCC/ukf_hardware/IP/greybox_tmp/db/add_sub_0ic.tdf                          ;         ;
; db/add_sub_vhc.tdf               ; yes             ; Auto-Generated Megafunction  ; D:/TCC/ukf_hardware/IP/greybox_tmp/db/add_sub_vhc.tdf                          ;         ;
; db/add_sub_uhc.tdf               ; yes             ; Auto-Generated Megafunction  ; D:/TCC/ukf_hardware/IP/greybox_tmp/db/add_sub_uhc.tdf                          ;         ;
; db/add_sub_thc.tdf               ; yes             ; Auto-Generated Megafunction  ; D:/TCC/ukf_hardware/IP/greybox_tmp/db/add_sub_thc.tdf                          ;         ;
; db/add_sub_shc.tdf               ; yes             ; Auto-Generated Megafunction  ; D:/TCC/ukf_hardware/IP/greybox_tmp/db/add_sub_shc.tdf                          ;         ;
; db/add_sub_qhc.tdf               ; yes             ; Auto-Generated Megafunction  ; D:/TCC/ukf_hardware/IP/greybox_tmp/db/add_sub_qhc.tdf                          ;         ;
; dffpipe.tdf                      ; yes             ; Megafunction                 ; d:/intelfpga_lite/17.1/quartus/libraries/megafunctions/dffpipe.tdf             ;         ;
+----------------------------------+-----------------+------------------------------+--------------------------------------------------------------------------------+---------+


+---------------------------------------------------------------------------------------------------------------------------------------+
; Analysis & Synthesis Resource Usage Summary                                                                                           ;
+---------------------------------------------+-----------------------------------------------------------------------------------------+
; Resource                                    ; Usage                                                                                   ;
+---------------------------------------------+-----------------------------------------------------------------------------------------+
; Estimate of Logic utilization (ALMs needed) ; 144                                                                                     ;
;                                             ;                                                                                         ;
; Combinational ALUT usage for logic          ; 286                                                                                     ;
;     -- 7 input functions                    ; 0                                                                                       ;
;     -- 6 input functions                    ; 1                                                                                       ;
;     -- 5 input functions                    ; 38                                                                                      ;
;     -- 4 input functions                    ; 96                                                                                      ;
;     -- <=3 input functions                  ; 151                                                                                     ;
;                                             ;                                                                                         ;
; Dedicated logic registers                   ; 0                                                                                       ;
;                                             ;                                                                                         ;
; I/O pins                                    ; 65                                                                                      ;
;                                             ;                                                                                         ;
; Total DSP Blocks                            ; 0                                                                                       ;
;                                             ;                                                                                         ;
; Maximum fan-out node                        ; altsqrt:ALTSQRT_component|lpm_add_sub:subtractors[14]|add_sub_gjc:auto_generated|op_1~1 ;
; Maximum fan-out                             ; 32                                                                                      ;
; Total fan-out                               ; 1178                                                                                    ;
; Average fan-out                             ; 2.83                                                                                    ;
+---------------------------------------------+-----------------------------------------------------------------------------------------+


+------------------------------------------------------------------------------------------------------------------------------------------------------------------------------------------------------------------------------------------------------------------------+
; Analysis & Synthesis Resource Utilization by Entity                                                                                                                                                                                                                    ;
+---------------------------------------+---------------------+---------------------------+-------------------+------------+------+--------------+------------------------------------------------------------------------------------------+-------------+--------------+
; Compilation Hierarchy Node            ; Combinational ALUTs ; Dedicated Logic Registers ; Block Memory Bits ; DSP Blocks ; Pins ; Virtual Pins ; Full Hierarchy Name                                                                      ; Entity Name ; Library Name ;
+---------------------------------------+---------------------+---------------------------+-------------------+------------+------+--------------+------------------------------------------------------------------------------------------+-------------+--------------+
; |square                               ; 286 (0)             ; 0 (0)                     ; 0                 ; 0          ; 65   ; 0            ; |square                                                                                  ; square      ; work         ;
;    |altsqrt:ALTSQRT_component|        ; 286 (108)           ; 0 (0)                     ; 0                 ; 0          ; 0    ; 0            ; |square|altsqrt:ALTSQRT_component                                                        ; altsqrt     ; work         ;
;       |lpm_add_sub:subtractors[0]|    ; 1 (0)               ; 0 (0)                     ; 0                 ; 0          ; 0    ; 0            ; |square|altsqrt:ALTSQRT_component|lpm_add_sub:subtractors[0]                             ; lpm_add_sub ; work         ;
;          |add_sub_qhc:auto_generated| ; 1 (1)               ; 0 (0)                     ; 0                 ; 0          ; 0    ; 0            ; |square|altsqrt:ALTSQRT_component|lpm_add_sub:subtractors[0]|add_sub_qhc:auto_generated  ; add_sub_qhc ; work         ;
;       |lpm_add_sub:subtractors[10]|   ; 14 (0)              ; 0 (0)                     ; 0                 ; 0          ; 0    ; 0            ; |square|altsqrt:ALTSQRT_component|lpm_add_sub:subtractors[10]                            ; lpm_add_sub ; work         ;
;          |add_sub_cjc:auto_generated| ; 14 (14)             ; 0 (0)                     ; 0                 ; 0          ; 0    ; 0            ; |square|altsqrt:ALTSQRT_component|lpm_add_sub:subtractors[10]|add_sub_cjc:auto_generated ; add_sub_cjc ; work         ;
;       |lpm_add_sub:subtractors[11]|   ; 15 (0)              ; 0 (0)                     ; 0                 ; 0          ; 0    ; 0            ; |square|altsqrt:ALTSQRT_component|lpm_add_sub:subtractors[11]                            ; lpm_add_sub ; work         ;
;          |add_sub_djc:auto_generated| ; 15 (15)             ; 0 (0)                     ; 0                 ; 0          ; 0    ; 0            ; |square|altsqrt:ALTSQRT_component|lpm_add_sub:subtractors[11]|add_sub_djc:auto_generated ; add_sub_djc ; work         ;
;       |lpm_add_sub:subtractors[12]|   ; 16 (0)              ; 0 (0)                     ; 0                 ; 0          ; 0    ; 0            ; |square|altsqrt:ALTSQRT_component|lpm_add_sub:subtractors[12]                            ; lpm_add_sub ; work         ;
;          |add_sub_ejc:auto_generated| ; 16 (16)             ; 0 (0)                     ; 0                 ; 0          ; 0    ; 0            ; |square|altsqrt:ALTSQRT_component|lpm_add_sub:subtractors[12]|add_sub_ejc:auto_generated ; add_sub_ejc ; work         ;
;       |lpm_add_sub:subtractors[13]|   ; 17 (0)              ; 0 (0)                     ; 0                 ; 0          ; 0    ; 0            ; |square|altsqrt:ALTSQRT_component|lpm_add_sub:subtractors[13]                            ; lpm_add_sub ; work         ;
;          |add_sub_fjc:auto_generated| ; 17 (17)             ; 0 (0)                     ; 0                 ; 0          ; 0    ; 0            ; |square|altsqrt:ALTSQRT_component|lpm_add_sub:subtractors[13]|add_sub_fjc:auto_generated ; add_sub_fjc ; work         ;
;       |lpm_add_sub:subtractors[14]|   ; 18 (0)              ; 0 (0)                     ; 0                 ; 0          ; 0    ; 0            ; |square|altsqrt:ALTSQRT_component|lpm_add_sub:subtractors[14]                            ; lpm_add_sub ; work         ;
;          |add_sub_gjc:auto_generated| ; 18 (18)             ; 0 (0)                     ; 0                 ; 0          ; 0    ; 0            ; |square|altsqrt:ALTSQRT_component|lpm_add_sub:subtractors[14]|add_sub_gjc:auto_generated ; add_sub_gjc ; work         ;
;       |lpm_add_sub:subtractors[15]|   ; 19 (0)              ; 0 (0)                     ; 0                 ; 0          ; 0    ; 0            ; |square|altsqrt:ALTSQRT_component|lpm_add_sub:subtractors[15]                            ; lpm_add_sub ; work         ;
;          |add_sub_hjc:auto_generated| ; 19 (19)             ; 0 (0)                     ; 0                 ; 0          ; 0    ; 0            ; |square|altsqrt:ALTSQRT_component|lpm_add_sub:subtractors[15]|add_sub_hjc:auto_generated ; add_sub_hjc ; work         ;
;       |lpm_add_sub:subtractors[1]|    ; 2 (0)               ; 0 (0)                     ; 0                 ; 0          ; 0    ; 0            ; |square|altsqrt:ALTSQRT_component|lpm_add_sub:subtractors[1]                             ; lpm_add_sub ; work         ;
;          |add_sub_shc:auto_generated| ; 2 (2)               ; 0 (0)                     ; 0                 ; 0          ; 0    ; 0            ; |square|altsqrt:ALTSQRT_component|lpm_add_sub:subtractors[1]|add_sub_shc:auto_generated  ; add_sub_shc ; work         ;
;       |lpm_add_sub:subtractors[2]|    ; 6 (0)               ; 0 (0)                     ; 0                 ; 0          ; 0    ; 0            ; |square|altsqrt:ALTSQRT_component|lpm_add_sub:subtractors[2]                             ; lpm_add_sub ; work         ;
;          |add_sub_thc:auto_generated| ; 6 (6)               ; 0 (0)                     ; 0                 ; 0          ; 0    ; 0            ; |square|altsqrt:ALTSQRT_component|lpm_add_sub:subtractors[2]|add_sub_thc:auto_generated  ; add_sub_thc ; work         ;
;       |lpm_add_sub:subtractors[3]|    ; 7 (0)               ; 0 (0)                     ; 0                 ; 0          ; 0    ; 0            ; |square|altsqrt:ALTSQRT_component|lpm_add_sub:subtractors[3]                             ; lpm_add_sub ; work         ;
;          |add_sub_uhc:auto_generated| ; 7 (7)               ; 0 (0)                     ; 0                 ; 0          ; 0    ; 0            ; |square|altsqrt:ALTSQRT_component|lpm_add_sub:subtractors[3]|add_sub_uhc:auto_generated  ; add_sub_uhc ; work         ;
;       |lpm_add_sub:subtractors[4]|    ; 8 (0)               ; 0 (0)                     ; 0                 ; 0          ; 0    ; 0            ; |square|altsqrt:ALTSQRT_component|lpm_add_sub:subtractors[4]                             ; lpm_add_sub ; work         ;
;          |add_sub_vhc:auto_generated| ; 8 (8)               ; 0 (0)                     ; 0                 ; 0          ; 0    ; 0            ; |square|altsqrt:ALTSQRT_component|lpm_add_sub:subtractors[4]|add_sub_vhc:auto_generated  ; add_sub_vhc ; work         ;
;       |lpm_add_sub:subtractors[5]|    ; 9 (0)               ; 0 (0)                     ; 0                 ; 0          ; 0    ; 0            ; |square|altsqrt:ALTSQRT_component|lpm_add_sub:subtractors[5]                             ; lpm_add_sub ; work         ;
;          |add_sub_0ic:auto_generated| ; 9 (9)               ; 0 (0)                     ; 0                 ; 0          ; 0    ; 0            ; |square|altsqrt:ALTSQRT_component|lpm_add_sub:subtractors[5]|add_sub_0ic:auto_generated  ; add_sub_0ic ; work         ;
;       |lpm_add_sub:subtractors[6]|    ; 10 (0)              ; 0 (0)                     ; 0                 ; 0          ; 0    ; 0            ; |square|altsqrt:ALTSQRT_component|lpm_add_sub:subtractors[6]                             ; lpm_add_sub ; work         ;
;          |add_sub_1ic:auto_generated| ; 10 (10)             ; 0 (0)                     ; 0                 ; 0          ; 0    ; 0            ; |square|altsqrt:ALTSQRT_component|lpm_add_sub:subtractors[6]|add_sub_1ic:auto_generated  ; add_sub_1ic ; work         ;
;       |lpm_add_sub:subtractors[7]|    ; 11 (0)              ; 0 (0)                     ; 0                 ; 0          ; 0    ; 0            ; |square|altsqrt:ALTSQRT_component|lpm_add_sub:subtractors[7]                             ; lpm_add_sub ; work         ;
;          |add_sub_9jc:auto_generated| ; 11 (11)             ; 0 (0)                     ; 0                 ; 0          ; 0    ; 0            ; |square|altsqrt:ALTSQRT_component|lpm_add_sub:subtractors[7]|add_sub_9jc:auto_generated  ; add_sub_9jc ; work         ;
;       |lpm_add_sub:subtractors[8]|    ; 12 (0)              ; 0 (0)                     ; 0                 ; 0          ; 0    ; 0            ; |square|altsqrt:ALTSQRT_component|lpm_add_sub:subtractors[8]                             ; lpm_add_sub ; work         ;
;          |add_sub_ajc:auto_generated| ; 12 (12)             ; 0 (0)                     ; 0                 ; 0          ; 0    ; 0            ; |square|altsqrt:ALTSQRT_component|lpm_add_sub:subtractors[8]|add_sub_ajc:auto_generated  ; add_sub_ajc ; work         ;
;       |lpm_add_sub:subtractors[9]|    ; 13 (0)              ; 0 (0)                     ; 0                 ; 0          ; 0    ; 0            ; |square|altsqrt:ALTSQRT_component|lpm_add_sub:subtractors[9]                             ; lpm_add_sub ; work         ;
;          |add_sub_bjc:auto_generated| ; 13 (13)             ; 0 (0)                     ; 0                 ; 0          ; 0    ; 0            ; |square|altsqrt:ALTSQRT_component|lpm_add_sub:subtractors[9]|add_sub_bjc:auto_generated  ; add_sub_bjc ; work         ;
+---------------------------------------+---------------------+---------------------------+-------------------+------------+------+--------------+------------------------------------------------------------------------------------------+-------------+--------------+
Note: For table entries with two numbers listed, the numbers in parentheses indicate the number of resources of the given type used by the specific entity alone. The numbers listed outside of parentheses indicate the total resources of the given type used by the specific entity and all of its sub-entities in the hierarchy.


+------------------------------------------------------+
; General Register Statistics                          ;
+----------------------------------------------+-------+
; Statistic                                    ; Value ;
+----------------------------------------------+-------+
; Total registers                              ; 0     ;
; Number of registers using Synchronous Clear  ; 0     ;
; Number of registers using Synchronous Load   ; 0     ;
; Number of registers using Asynchronous Clear ; 0     ;
; Number of registers using Asynchronous Load  ; 0     ;
; Number of registers using Clock Enable       ; 0     ;
; Number of registers using Preset             ; 0     ;
+----------------------------------------------+-------+


+------------------------------------------------------------------+
; Source assignments for altsqrt:ALTSQRT_component|dffpipe:a_delay ;
+---------------------------------+-------+------+-----------------+
; Assignment                      ; Value ; From ; To              ;
+---------------------------------+-------+------+-----------------+
; AUTO_SHIFT_REGISTER_RECOGNITION ; OFF   ; -    ; -               ;
+---------------------------------+-------+------+-----------------+


+---------------------------------------------------------------------+
; Source assignments for altsqrt:ALTSQRT_component|dffpipe:b_dffe[15] ;
+---------------------------------+-------+------+--------------------+
; Assignment                      ; Value ; From ; To                 ;
+---------------------------------+-------+------+--------------------+
; AUTO_SHIFT_REGISTER_RECOGNITION ; OFF   ; -    ; -                  ;
+---------------------------------+-------+------+--------------------+


+---------------------------------------------------------------------+
; Source assignments for altsqrt:ALTSQRT_component|dffpipe:b_dffe[14] ;
+---------------------------------+-------+------+--------------------+
; Assignment                      ; Value ; From ; To                 ;
+---------------------------------+-------+------+--------------------+
; AUTO_SHIFT_REGISTER_RECOGNITION ; OFF   ; -    ; -                  ;
+---------------------------------+-------+------+--------------------+


+---------------------------------------------------------------------+
; Source assignments for altsqrt:ALTSQRT_component|dffpipe:b_dffe[13] ;
+---------------------------------+-------+------+--------------------+
; Assignment                      ; Value ; From ; To                 ;
+---------------------------------+-------+------+--------------------+
; AUTO_SHIFT_REGISTER_RECOGNITION ; OFF   ; -    ; -                  ;
+---------------------------------+-------+------+--------------------+


+---------------------------------------------------------------------+
; Source assignments for altsqrt:ALTSQRT_component|dffpipe:b_dffe[12] ;
+---------------------------------+-------+------+--------------------+
; Assignment                      ; Value ; From ; To                 ;
+---------------------------------+-------+------+--------------------+
; AUTO_SHIFT_REGISTER_RECOGNITION ; OFF   ; -    ; -                  ;
+---------------------------------+-------+------+--------------------+


+---------------------------------------------------------------------+
; Source assignments for altsqrt:ALTSQRT_component|dffpipe:b_dffe[11] ;
+---------------------------------+-------+------+--------------------+
; Assignment                      ; Value ; From ; To                 ;
+---------------------------------+-------+------+--------------------+
; AUTO_SHIFT_REGISTER_RECOGNITION ; OFF   ; -    ; -                  ;
+---------------------------------+-------+------+--------------------+


+---------------------------------------------------------------------+
; Source assignments for altsqrt:ALTSQRT_component|dffpipe:b_dffe[10] ;
+---------------------------------+-------+------+--------------------+
; Assignment                      ; Value ; From ; To                 ;
+---------------------------------+-------+------+--------------------+
; AUTO_SHIFT_REGISTER_RECOGNITION ; OFF   ; -    ; -                  ;
+---------------------------------+-------+------+--------------------+


+--------------------------------------------------------------------+
; Source assignments for altsqrt:ALTSQRT_component|dffpipe:b_dffe[9] ;
+---------------------------------+-------+------+-------------------+
; Assignment                      ; Value ; From ; To                ;
+---------------------------------+-------+------+-------------------+
; AUTO_SHIFT_REGISTER_RECOGNITION ; OFF   ; -    ; -                 ;
+---------------------------------+-------+------+-------------------+


+--------------------------------------------------------------------+
; Source assignments for altsqrt:ALTSQRT_component|dffpipe:b_dffe[8] ;
+---------------------------------+-------+------+-------------------+
; Assignment                      ; Value ; From ; To                ;
+---------------------------------+-------+------+-------------------+
; AUTO_SHIFT_REGISTER_RECOGNITION ; OFF   ; -    ; -                 ;
+---------------------------------+-------+------+-------------------+


+--------------------------------------------------------------------+
; Source assignments for altsqrt:ALTSQRT_component|dffpipe:b_dffe[7] ;
+---------------------------------+-------+------+-------------------+
; Assignment                      ; Value ; From ; To                ;
+---------------------------------+-------+------+-------------------+
; AUTO_SHIFT_REGISTER_RECOGNITION ; OFF   ; -    ; -                 ;
+---------------------------------+-------+------+-------------------+


+--------------------------------------------------------------------+
; Source assignments for altsqrt:ALTSQRT_component|dffpipe:b_dffe[6] ;
+---------------------------------+-------+------+-------------------+
; Assignment                      ; Value ; From ; To                ;
+---------------------------------+-------+------+-------------------+
; AUTO_SHIFT_REGISTER_RECOGNITION ; OFF   ; -    ; -                 ;
+---------------------------------+-------+------+-------------------+


+--------------------------------------------------------------------+
; Source assignments for altsqrt:ALTSQRT_component|dffpipe:b_dffe[5] ;
+---------------------------------+-------+------+-------------------+
; Assignment                      ; Value ; From ; To                ;
+---------------------------------+-------+------+-------------------+
; AUTO_SHIFT_REGISTER_RECOGNITION ; OFF   ; -    ; -                 ;
+---------------------------------+-------+------+-------------------+


+--------------------------------------------------------------------+
; Source assignments for altsqrt:ALTSQRT_component|dffpipe:b_dffe[4] ;
+---------------------------------+-------+------+-------------------+
; Assignment                      ; Value ; From ; To                ;
+---------------------------------+-------+------+-------------------+
; AUTO_SHIFT_REGISTER_RECOGNITION ; OFF   ; -    ; -                 ;
+---------------------------------+-------+------+-------------------+


+--------------------------------------------------------------------+
; Source assignments for altsqrt:ALTSQRT_component|dffpipe:b_dffe[3] ;
+---------------------------------+-------+------+-------------------+
; Assignment                      ; Value ; From ; To                ;
+---------------------------------+-------+------+-------------------+
; AUTO_SHIFT_REGISTER_RECOGNITION ; OFF   ; -    ; -                 ;
+---------------------------------+-------+------+-------------------+


+--------------------------------------------------------------------+
; Source assignments for altsqrt:ALTSQRT_component|dffpipe:b_dffe[2] ;
+---------------------------------+-------+------+-------------------+
; Assignment                      ; Value ; From ; To                ;
+---------------------------------+-------+------+-------------------+
; AUTO_SHIFT_REGISTER_RECOGNITION ; OFF   ; -    ; -                 ;
+---------------------------------+-------+------+-------------------+


+--------------------------------------------------------------------+
; Source assignments for altsqrt:ALTSQRT_component|dffpipe:b_dffe[1] ;
+---------------------------------+-------+------+-------------------+
; Assignment                      ; Value ; From ; To                ;
+---------------------------------+-------+------+-------------------+
; AUTO_SHIFT_REGISTER_RECOGNITION ; OFF   ; -    ; -                 ;
+---------------------------------+-------+------+-------------------+


+--------------------------------------------------------------------+
; Source assignments for altsqrt:ALTSQRT_component|dffpipe:b_dffe[0] ;
+---------------------------------+-------+------+-------------------+
; Assignment                      ; Value ; From ; To                ;
+---------------------------------+-------+------+-------------------+
; AUTO_SHIFT_REGISTER_RECOGNITION ; OFF   ; -    ; -                 ;
+---------------------------------+-------+------+-------------------+


+---------------------------------------------------------------------+
; Source assignments for altsqrt:ALTSQRT_component|dffpipe:r_dffe[15] ;
+---------------------------------+-------+------+--------------------+
; Assignment                      ; Value ; From ; To                 ;
+---------------------------------+-------+------+--------------------+
; AUTO_SHIFT_REGISTER_RECOGNITION ; OFF   ; -    ; -                  ;
+---------------------------------+-------+------+--------------------+


+---------------------------------------------------------------------+
; Source assignments for altsqrt:ALTSQRT_component|dffpipe:r_dffe[14] ;
+---------------------------------+-------+------+--------------------+
; Assignment                      ; Value ; From ; To                 ;
+---------------------------------+-------+------+--------------------+
; AUTO_SHIFT_REGISTER_RECOGNITION ; OFF   ; -    ; -                  ;
+---------------------------------+-------+------+--------------------+


+---------------------------------------------------------------------+
; Source assignments for altsqrt:ALTSQRT_component|dffpipe:r_dffe[13] ;
+---------------------------------+-------+------+--------------------+
; Assignment                      ; Value ; From ; To                 ;
+---------------------------------+-------+------+--------------------+
; AUTO_SHIFT_REGISTER_RECOGNITION ; OFF   ; -    ; -                  ;
+---------------------------------+-------+------+--------------------+


+---------------------------------------------------------------------+
; Source assignments for altsqrt:ALTSQRT_component|dffpipe:r_dffe[12] ;
+---------------------------------+-------+------+--------------------+
; Assignment                      ; Value ; From ; To                 ;
+---------------------------------+-------+------+--------------------+
; AUTO_SHIFT_REGISTER_RECOGNITION ; OFF   ; -    ; -                  ;
+---------------------------------+-------+------+--------------------+


+---------------------------------------------------------------------+
; Source assignments for altsqrt:ALTSQRT_component|dffpipe:r_dffe[11] ;
+---------------------------------+-------+------+--------------------+
; Assignment                      ; Value ; From ; To                 ;
+---------------------------------+-------+------+--------------------+
; AUTO_SHIFT_REGISTER_RECOGNITION ; OFF   ; -    ; -                  ;
+---------------------------------+-------+------+--------------------+


+---------------------------------------------------------------------+
; Source assignments for altsqrt:ALTSQRT_component|dffpipe:r_dffe[10] ;
+---------------------------------+-------+------+--------------------+
; Assignment                      ; Value ; From ; To                 ;
+---------------------------------+-------+------+--------------------+
; AUTO_SHIFT_REGISTER_RECOGNITION ; OFF   ; -    ; -                  ;
+---------------------------------+-------+------+--------------------+


+--------------------------------------------------------------------+
; Source assignments for altsqrt:ALTSQRT_component|dffpipe:r_dffe[9] ;
+---------------------------------+-------+------+-------------------+
; Assignment                      ; Value ; From ; To                ;
+---------------------------------+-------+------+-------------------+
; AUTO_SHIFT_REGISTER_RECOGNITION ; OFF   ; -    ; -                 ;
+---------------------------------+-------+------+-------------------+


+--------------------------------------------------------------------+
; Source assignments for altsqrt:ALTSQRT_component|dffpipe:r_dffe[8] ;
+---------------------------------+-------+------+-------------------+
; Assignment                      ; Value ; From ; To                ;
+---------------------------------+-------+------+-------------------+
; AUTO_SHIFT_REGISTER_RECOGNITION ; OFF   ; -    ; -                 ;
+---------------------------------+-------+------+-------------------+


+--------------------------------------------------------------------+
; Source assignments for altsqrt:ALTSQRT_component|dffpipe:r_dffe[7] ;
+---------------------------------+-------+------+-------------------+
; Assignment                      ; Value ; From ; To                ;
+---------------------------------+-------+------+-------------------+
; AUTO_SHIFT_REGISTER_RECOGNITION ; OFF   ; -    ; -                 ;
+---------------------------------+-------+------+-------------------+


+--------------------------------------------------------------------+
; Source assignments for altsqrt:ALTSQRT_component|dffpipe:r_dffe[6] ;
+---------------------------------+-------+------+-------------------+
; Assignment                      ; Value ; From ; To                ;
+---------------------------------+-------+------+-------------------+
; AUTO_SHIFT_REGISTER_RECOGNITION ; OFF   ; -    ; -                 ;
+---------------------------------+-------+------+-------------------+


+--------------------------------------------------------------------+
; Source assignments for altsqrt:ALTSQRT_component|dffpipe:r_dffe[5] ;
+---------------------------------+-------+------+-------------------+
; Assignment                      ; Value ; From ; To                ;
+---------------------------------+-------+------+-------------------+
; AUTO_SHIFT_REGISTER_RECOGNITION ; OFF   ; -    ; -                 ;
+---------------------------------+-------+------+-------------------+


+--------------------------------------------------------------------+
; Source assignments for altsqrt:ALTSQRT_component|dffpipe:r_dffe[4] ;
+---------------------------------+-------+------+-------------------+
; Assignment                      ; Value ; From ; To                ;
+---------------------------------+-------+------+-------------------+
; AUTO_SHIFT_REGISTER_RECOGNITION ; OFF   ; -    ; -                 ;
+---------------------------------+-------+------+-------------------+


+--------------------------------------------------------------------+
; Source assignments for altsqrt:ALTSQRT_component|dffpipe:r_dffe[3] ;
+---------------------------------+-------+------+-------------------+
; Assignment                      ; Value ; From ; To                ;
+---------------------------------+-------+------+-------------------+
; AUTO_SHIFT_REGISTER_RECOGNITION ; OFF   ; -    ; -                 ;
+---------------------------------+-------+------+-------------------+


+--------------------------------------------------------------------+
; Source assignments for altsqrt:ALTSQRT_component|dffpipe:r_dffe[2] ;
+---------------------------------+-------+------+-------------------+
; Assignment                      ; Value ; From ; To                ;
+---------------------------------+-------+------+-------------------+
; AUTO_SHIFT_REGISTER_RECOGNITION ; OFF   ; -    ; -                 ;
+---------------------------------+-------+------+-------------------+


+--------------------------------------------------------------------+
; Source assignments for altsqrt:ALTSQRT_component|dffpipe:r_dffe[1] ;
+---------------------------------+-------+------+-------------------+
; Assignment                      ; Value ; From ; To                ;
+---------------------------------+-------+------+-------------------+
; AUTO_SHIFT_REGISTER_RECOGNITION ; OFF   ; -    ; -                 ;
+---------------------------------+-------+------+-------------------+


+--------------------------------------------------------------------+
; Source assignments for altsqrt:ALTSQRT_component|dffpipe:r_dffe[0] ;
+---------------------------------+-------+------+-------------------+
; Assignment                      ; Value ; From ; To                ;
+---------------------------------+-------+------+-------------------+
; AUTO_SHIFT_REGISTER_RECOGNITION ; OFF   ; -    ; -                 ;
+---------------------------------+-------+------+-------------------+


+----------------------------------------------------------------------+
; Source assignments for altsqrt:ALTSQRT_component|dffpipe:q_final_dff ;
+---------------------------------+-------+------+---------------------+
; Assignment                      ; Value ; From ; To                  ;
+---------------------------------+-------+------+---------------------+
; AUTO_SHIFT_REGISTER_RECOGNITION ; OFF   ; -    ; -                   ;
+---------------------------------+-------+------+---------------------+


+----------------------------------------------------------------------+
; Source assignments for altsqrt:ALTSQRT_component|dffpipe:r_final_dff ;
+---------------------------------+-------+------+---------------------+
; Assignment                      ; Value ; From ; To                  ;
+---------------------------------+-------+------+---------------------+
; AUTO_SHIFT_REGISTER_RECOGNITION ; OFF   ; -    ; -                   ;
+---------------------------------+-------+------+---------------------+


+------------------------------------------------------------------------+
; Parameter Settings for User Entity Instance: altsqrt:ALTSQRT_component ;
+----------------+-------+-----------------------------------------------+
; Parameter Name ; Value ; Type                                          ;
+----------------+-------+-----------------------------------------------+
; width          ; 32    ; Signed Integer                                ;
; Q_PORT_WIDTH   ; 16    ; Signed Integer                                ;
; R_PORT_WIDTH   ; 17    ; Signed Integer                                ;
; PIPELINE       ; 0     ; Signed Integer                                ;
+----------------+-------+-----------------------------------------------+
Note: In order to hide this table in the UI and the text report file, please set the "Show Parameter Settings in Synthesis Report" option in "Analysis and Synthesis Settings -> More Settings" to "Off".


+-----------------------------------------------------+
; Post-Synthesis Netlist Statistics for Top Partition ;
+-----------------------+-----------------------------+
; Type                  ; Count                       ;
+-----------------------+-----------------------------+
; arriav_lcell_comb     ; 301                         ;
;     arith             ; 175                         ;
;         0 data inputs ; 14                          ;
;         1 data inputs ; 28                          ;
;         2 data inputs ; 14                          ;
;         3 data inputs ; 13                          ;
;         4 data inputs ; 81                          ;
;         5 data inputs ; 25                          ;
;     normal            ; 126                         ;
;         1 data inputs ; 15                          ;
;         2 data inputs ; 2                           ;
;         3 data inputs ; 80                          ;
;         4 data inputs ; 15                          ;
;         5 data inputs ; 13                          ;
;         6 data inputs ; 1                           ;
; boundary_port         ; 65                          ;
;                       ;                             ;
; Max LUT depth         ; 30.30                       ;
; Average LUT depth     ; 27.28                       ;
+-----------------------+-----------------------------+


+-------------------------------+
; Elapsed Time Per Partition    ;
+----------------+--------------+
; Partition Name ; Elapsed Time ;
+----------------+--------------+
; Top            ; 00:00:01     ;
+----------------+--------------+


+-------------------------------+
; Analysis & Synthesis Messages ;
+-------------------------------+
Info: *******************************************************************
Info: Running Quartus Prime Analysis & Synthesis
    Info: Version 17.1.0 Build 590 10/25/2017 SJ Lite Edition
    Info: Copyright (C) 2017  Intel Corporation. All rights reserved.
    Info: Your use of Intel Corporation's design tools, logic functions 
    Info: and other software and tools, and its AMPP partner logic 
    Info: functions, and any output files from any of the foregoing 
    Info: (including device programming or simulation files), and any 
    Info: associated documentation or information are expressly subject 
    Info: to the terms and conditions of the Intel Program License 
    Info: Subscription Agreement, the Intel Quartus Prime License Agreement,
    Info: the Intel FPGA IP License Agreement, or other applicable license
    Info: agreement, including, without limitation, that your use is for
    Info: the sole purpose of programming logic devices manufactured by
    Info: Intel and sold by Intel or its authorized distributors.  Please
    Info: refer to the applicable agreement for further details.
    Info: Processing started: Mon Oct 08 16:31:45 2018
Info: Command: quartus_map square --source=square.v --ini=greybox_disable_cut_checks=on --family="Cyclone V"
Info (20034): Auto device selection is not supported for Cyclone V device family. The default device, 5CGXFC7C7F23C8, is set.
Warning (18236): Number of processors has not been specified which may cause overloading on shared machines.  Set the global assignment NUM_PARALLEL_PROCESSORS in your QSF to an appropriate value for best performance.
Info (20030): Parallel compilation is enabled and will use 4 of the 4 processors detected
Info (12021): Found 1 design units, including 1 entities, in source file square.v
    Info (12023): Found entity 1: square File: D:/TCC/ukf_hardware/IP/greybox_tmp/square.v Line: 39
Info (12127): Elaborating entity "square" for the top level hierarchy
Info (12128): Elaborating entity "altsqrt" for hierarchy "altsqrt:ALTSQRT_component" File: D:/TCC/ukf_hardware/IP/greybox_tmp/square.v Line: 63
Info (12130): Elaborated megafunction instantiation "altsqrt:ALTSQRT_component" File: D:/TCC/ukf_hardware/IP/greybox_tmp/square.v Line: 63
Info (12133): Instantiated megafunction "altsqrt:ALTSQRT_component" with the following parameter: File: D:/TCC/ukf_hardware/IP/greybox_tmp/square.v Line: 63
    Info (12134): Parameter "pipeline" = "0"
    Info (12134): Parameter "q_port_width" = "16"
    Info (12134): Parameter "r_port_width" = "17"
    Info (12134): Parameter "width" = "32"
Info (12128): Elaborating entity "lpm_add_sub" for hierarchy "altsqrt:ALTSQRT_component|lpm_add_sub:subtractors[15]" File: d:/intelfpga_lite/17.1/quartus/libraries/megafunctions/altsqrt.tdf Line: 90
Info (12131): Elaborated megafunction instantiation "altsqrt:ALTSQRT_component|lpm_add_sub:subtractors[15]", which is child of megafunction instantiation "altsqrt:ALTSQRT_component" File: d:/intelfpga_lite/17.1/quartus/libraries/megafunctions/altsqrt.tdf Line: 90
Info (12021): Found 1 design units, including 1 entities, in source file db/add_sub_hjc.tdf
    Info (12023): Found entity 1: add_sub_hjc File: D:/TCC/ukf_hardware/IP/greybox_tmp/db/add_sub_hjc.tdf Line: 22
Info (12128): Elaborating entity "add_sub_hjc" for hierarchy "altsqrt:ALTSQRT_component|lpm_add_sub:subtractors[15]|add_sub_hjc:auto_generated" File: d:/intelfpga_lite/17.1/quartus/libraries/megafunctions/lpm_add_sub.tdf Line: 118
Info (12128): Elaborating entity "lpm_add_sub" for hierarchy "altsqrt:ALTSQRT_component|lpm_add_sub:subtractors[14]" File: d:/intelfpga_lite/17.1/quartus/libraries/megafunctions/altsqrt.tdf Line: 90
Info (12131): Elaborated megafunction instantiation "altsqrt:ALTSQRT_component|lpm_add_sub:subtractors[14]", which is child of megafunction instantiation "altsqrt:ALTSQRT_component" File: d:/intelfpga_lite/17.1/quartus/libraries/megafunctions/altsqrt.tdf Line: 90
Info (12021): Found 1 design units, including 1 entities, in source file db/add_sub_gjc.tdf
    Info (12023): Found entity 1: add_sub_gjc File: D:/TCC/ukf_hardware/IP/greybox_tmp/db/add_sub_gjc.tdf Line: 22
Info (12128): Elaborating entity "add_sub_gjc" for hierarchy "altsqrt:ALTSQRT_component|lpm_add_sub:subtractors[14]|add_sub_gjc:auto_generated" File: d:/intelfpga_lite/17.1/quartus/libraries/megafunctions/lpm_add_sub.tdf Line: 118
Info (12128): Elaborating entity "lpm_add_sub" for hierarchy "altsqrt:ALTSQRT_component|lpm_add_sub:subtractors[13]" File: d:/intelfpga_lite/17.1/quartus/libraries/megafunctions/altsqrt.tdf Line: 90
Info (12131): Elaborated megafunction instantiation "altsqrt:ALTSQRT_component|lpm_add_sub:subtractors[13]", which is child of megafunction instantiation "altsqrt:ALTSQRT_component" File: d:/intelfpga_lite/17.1/quartus/libraries/megafunctions/altsqrt.tdf Line: 90
Info (12021): Found 1 design units, including 1 entities, in source file db/add_sub_fjc.tdf
    Info (12023): Found entity 1: add_sub_fjc File: D:/TCC/ukf_hardware/IP/greybox_tmp/db/add_sub_fjc.tdf Line: 22
Info (12128): Elaborating entity "add_sub_fjc" for hierarchy "altsqrt:ALTSQRT_component|lpm_add_sub:subtractors[13]|add_sub_fjc:auto_generated" File: d:/intelfpga_lite/17.1/quartus/libraries/megafunctions/lpm_add_sub.tdf Line: 118
Info (12128): Elaborating entity "lpm_add_sub" for hierarchy "altsqrt:ALTSQRT_component|lpm_add_sub:subtractors[12]" File: d:/intelfpga_lite/17.1/quartus/libraries/megafunctions/altsqrt.tdf Line: 90
Info (12131): Elaborated megafunction instantiation "altsqrt:ALTSQRT_component|lpm_add_sub:subtractors[12]", which is child of megafunction instantiation "altsqrt:ALTSQRT_component" File: d:/intelfpga_lite/17.1/quartus/libraries/megafunctions/altsqrt.tdf Line: 90
Info (12021): Found 1 design units, including 1 entities, in source file db/add_sub_ejc.tdf
    Info (12023): Found entity 1: add_sub_ejc File: D:/TCC/ukf_hardware/IP/greybox_tmp/db/add_sub_ejc.tdf Line: 22
Info (12128): Elaborating entity "add_sub_ejc" for hierarchy "altsqrt:ALTSQRT_component|lpm_add_sub:subtractors[12]|add_sub_ejc:auto_generated" File: d:/intelfpga_lite/17.1/quartus/libraries/megafunctions/lpm_add_sub.tdf Line: 118
Info (12128): Elaborating entity "lpm_add_sub" for hierarchy "altsqrt:ALTSQRT_component|lpm_add_sub:subtractors[11]" File: d:/intelfpga_lite/17.1/quartus/libraries/megafunctions/altsqrt.tdf Line: 90
Info (12131): Elaborated megafunction instantiation "altsqrt:ALTSQRT_component|lpm_add_sub:subtractors[11]", which is child of megafunction instantiation "altsqrt:ALTSQRT_component" File: d:/intelfpga_lite/17.1/quartus/libraries/megafunctions/altsqrt.tdf Line: 90
Info (12021): Found 1 design units, including 1 entities, in source file db/add_sub_djc.tdf
    Info (12023): Found entity 1: add_sub_djc File: D:/TCC/ukf_hardware/IP/greybox_tmp/db/add_sub_djc.tdf Line: 22
Info (12128): Elaborating entity "add_sub_djc" for hierarchy "altsqrt:ALTSQRT_component|lpm_add_sub:subtractors[11]|add_sub_djc:auto_generated" File: d:/intelfpga_lite/17.1/quartus/libraries/megafunctions/lpm_add_sub.tdf Line: 118
Info (12128): Elaborating entity "lpm_add_sub" for hierarchy "altsqrt:ALTSQRT_component|lpm_add_sub:subtractors[10]" File: d:/intelfpga_lite/17.1/quartus/libraries/megafunctions/altsqrt.tdf Line: 90
Info (12131): Elaborated megafunction instantiation "altsqrt:ALTSQRT_component|lpm_add_sub:subtractors[10]", which is child of megafunction instantiation "altsqrt:ALTSQRT_component" File: d:/intelfpga_lite/17.1/quartus/libraries/megafunctions/altsqrt.tdf Line: 90
Info (12021): Found 1 design units, including 1 entities, in source file db/add_sub_cjc.tdf
    Info (12023): Found entity 1: add_sub_cjc File: D:/TCC/ukf_hardware/IP/greybox_tmp/db/add_sub_cjc.tdf Line: 22
Info (12128): Elaborating entity "add_sub_cjc" for hierarchy "altsqrt:ALTSQRT_component|lpm_add_sub:subtractors[10]|add_sub_cjc:auto_generated" File: d:/intelfpga_lite/17.1/quartus/libraries/megafunctions/lpm_add_sub.tdf Line: 118
Info (12128): Elaborating entity "lpm_add_sub" for hierarchy "altsqrt:ALTSQRT_component|lpm_add_sub:subtractors[9]" File: d:/intelfpga_lite/17.1/quartus/libraries/megafunctions/altsqrt.tdf Line: 90
Info (12131): Elaborated megafunction instantiation "altsqrt:ALTSQRT_component|lpm_add_sub:subtractors[9]", which is child of megafunction instantiation "altsqrt:ALTSQRT_component" File: d:/intelfpga_lite/17.1/quartus/libraries/megafunctions/altsqrt.tdf Line: 90
Info (12021): Found 1 design units, including 1 entities, in source file db/add_sub_bjc.tdf
    Info (12023): Found entity 1: add_sub_bjc File: D:/TCC/ukf_hardware/IP/greybox_tmp/db/add_sub_bjc.tdf Line: 22
Info (12128): Elaborating entity "add_sub_bjc" for hierarchy "altsqrt:ALTSQRT_component|lpm_add_sub:subtractors[9]|add_sub_bjc:auto_generated" File: d:/intelfpga_lite/17.1/quartus/libraries/megafunctions/lpm_add_sub.tdf Line: 118
Info (12128): Elaborating entity "lpm_add_sub" for hierarchy "altsqrt:ALTSQRT_component|lpm_add_sub:subtractors[8]" File: d:/intelfpga_lite/17.1/quartus/libraries/megafunctions/altsqrt.tdf Line: 90
Info (12131): Elaborated megafunction instantiation "altsqrt:ALTSQRT_component|lpm_add_sub:subtractors[8]", which is child of megafunction instantiation "altsqrt:ALTSQRT_component" File: d:/intelfpga_lite/17.1/quartus/libraries/megafunctions/altsqrt.tdf Line: 90
Info (12021): Found 1 design units, including 1 entities, in source file db/add_sub_ajc.tdf
    Info (12023): Found entity 1: add_sub_ajc File: D:/TCC/ukf_hardware/IP/greybox_tmp/db/add_sub_ajc.tdf Line: 22
Info (12128): Elaborating entity "add_sub_ajc" for hierarchy "altsqrt:ALTSQRT_component|lpm_add_sub:subtractors[8]|add_sub_ajc:auto_generated" File: d:/intelfpga_lite/17.1/quartus/libraries/megafunctions/lpm_add_sub.tdf Line: 118
Info (12128): Elaborating entity "lpm_add_sub" for hierarchy "altsqrt:ALTSQRT_component|lpm_add_sub:subtractors[7]" File: d:/intelfpga_lite/17.1/quartus/libraries/megafunctions/altsqrt.tdf Line: 90
Info (12131): Elaborated megafunction instantiation "altsqrt:ALTSQRT_component|lpm_add_sub:subtractors[7]", which is child of megafunction instantiation "altsqrt:ALTSQRT_component" File: d:/intelfpga_lite/17.1/quartus/libraries/megafunctions/altsqrt.tdf Line: 90
Info (12021): Found 1 design units, including 1 entities, in source file db/add_sub_9jc.tdf
    Info (12023): Found entity 1: add_sub_9jc File: D:/TCC/ukf_hardware/IP/greybox_tmp/db/add_sub_9jc.tdf Line: 22
Info (12128): Elaborating entity "add_sub_9jc" for hierarchy "altsqrt:ALTSQRT_component|lpm_add_sub:subtractors[7]|add_sub_9jc:auto_generated" File: d:/intelfpga_lite/17.1/quartus/libraries/megafunctions/lpm_add_sub.tdf Line: 118
Info (12128): Elaborating entity "lpm_add_sub" for hierarchy "altsqrt:ALTSQRT_component|lpm_add_sub:subtractors[6]" File: d:/intelfpga_lite/17.1/quartus/libraries/megafunctions/altsqrt.tdf Line: 90
Info (12131): Elaborated megafunction instantiation "altsqrt:ALTSQRT_component|lpm_add_sub:subtractors[6]", which is child of megafunction instantiation "altsqrt:ALTSQRT_component" File: d:/intelfpga_lite/17.1/quartus/libraries/megafunctions/altsqrt.tdf Line: 90
Info (12021): Found 1 design units, including 1 entities, in source file db/add_sub_1ic.tdf
    Info (12023): Found entity 1: add_sub_1ic File: D:/TCC/ukf_hardware/IP/greybox_tmp/db/add_sub_1ic.tdf Line: 22
Info (12128): Elaborating entity "add_sub_1ic" for hierarchy "altsqrt:ALTSQRT_component|lpm_add_sub:subtractors[6]|add_sub_1ic:auto_generated" File: d:/intelfpga_lite/17.1/quartus/libraries/megafunctions/lpm_add_sub.tdf Line: 118
Info (12128): Elaborating entity "lpm_add_sub" for hierarchy "altsqrt:ALTSQRT_component|lpm_add_sub:subtractors[5]" File: d:/intelfpga_lite/17.1/quartus/libraries/megafunctions/altsqrt.tdf Line: 90
Info (12131): Elaborated megafunction instantiation "altsqrt:ALTSQRT_component|lpm_add_sub:subtractors[5]", which is child of megafunction instantiation "altsqrt:ALTSQRT_component" File: d:/intelfpga_lite/17.1/quartus/libraries/megafunctions/altsqrt.tdf Line: 90
Info (12021): Found 1 design units, including 1 entities, in source file db/add_sub_0ic.tdf
    Info (12023): Found entity 1: add_sub_0ic File: D:/TCC/ukf_hardware/IP/greybox_tmp/db/add_sub_0ic.tdf Line: 22
Info (12128): Elaborating entity "add_sub_0ic" for hierarchy "altsqrt:ALTSQRT_component|lpm_add_sub:subtractors[5]|add_sub_0ic:auto_generated" File: d:/intelfpga_lite/17.1/quartus/libraries/megafunctions/lpm_add_sub.tdf Line: 118
Info (12128): Elaborating entity "lpm_add_sub" for hierarchy "altsqrt:ALTSQRT_component|lpm_add_sub:subtractors[4]" File: d:/intelfpga_lite/17.1/quartus/libraries/megafunctions/altsqrt.tdf Line: 90
Info (12131): Elaborated megafunction instantiation "altsqrt:ALTSQRT_component|lpm_add_sub:subtractors[4]", which is child of megafunction instantiation "altsqrt:ALTSQRT_component" File: d:/intelfpga_lite/17.1/quartus/libraries/megafunctions/altsqrt.tdf Line: 90
Info (12021): Found 1 design units, including 1 entities, in source file db/add_sub_vhc.tdf
    Info (12023): Found entity 1: add_sub_vhc File: D:/TCC/ukf_hardware/IP/greybox_tmp/db/add_sub_vhc.tdf Line: 22
Info (12128): Elaborating entity "add_sub_vhc" for hierarchy "altsqrt:ALTSQRT_component|lpm_add_sub:subtractors[4]|add_sub_vhc:auto_generated" File: d:/intelfpga_lite/17.1/quartus/libraries/megafunctions/lpm_add_sub.tdf Line: 118
Info (12128): Elaborating entity "lpm_add_sub" for hierarchy "altsqrt:ALTSQRT_component|lpm_add_sub:subtractors[3]" File: d:/intelfpga_lite/17.1/quartus/libraries/megafunctions/altsqrt.tdf Line: 90
Info (12131): Elaborated megafunction instantiation "altsqrt:ALTSQRT_component|lpm_add_sub:subtractors[3]", which is child of megafunction instantiation "altsqrt:ALTSQRT_component" File: d:/intelfpga_lite/17.1/quartus/libraries/megafunctions/altsqrt.tdf Line: 90
Info (12021): Found 1 design units, including 1 entities, in source file db/add_sub_uhc.tdf
    Info (12023): Found entity 1: add_sub_uhc File: D:/TCC/ukf_hardware/IP/greybox_tmp/db/add_sub_uhc.tdf Line: 22
Info (12128): Elaborating entity "add_sub_uhc" for hierarchy "altsqrt:ALTSQRT_component|lpm_add_sub:subtractors[3]|add_sub_uhc:auto_generated" File: d:/intelfpga_lite/17.1/quartus/libraries/megafunctions/lpm_add_sub.tdf Line: 118
Info (12128): Elaborating entity "lpm_add_sub" for hierarchy "altsqrt:ALTSQRT_component|lpm_add_sub:subtractors[2]" File: d:/intelfpga_lite/17.1/quartus/libraries/megafunctions/altsqrt.tdf Line: 90
Info (12131): Elaborated megafunction instantiation "altsqrt:ALTSQRT_component|lpm_add_sub:subtractors[2]", which is child of megafunction instantiation "altsqrt:ALTSQRT_component" File: d:/intelfpga_lite/17.1/quartus/libraries/megafunctions/altsqrt.tdf Line: 90
Info (12021): Found 1 design units, including 1 entities, in source file db/add_sub_thc.tdf
    Info (12023): Found entity 1: add_sub_thc File: D:/TCC/ukf_hardware/IP/greybox_tmp/db/add_sub_thc.tdf Line: 22
Info (12128): Elaborating entity "add_sub_thc" for hierarchy "altsqrt:ALTSQRT_component|lpm_add_sub:subtractors[2]|add_sub_thc:auto_generated" File: d:/intelfpga_lite/17.1/quartus/libraries/megafunctions/lpm_add_sub.tdf Line: 118
Info (12128): Elaborating entity "lpm_add_sub" for hierarchy "altsqrt:ALTSQRT_component|lpm_add_sub:subtractors[1]" File: d:/intelfpga_lite/17.1/quartus/libraries/megafunctions/altsqrt.tdf Line: 90
Info (12131): Elaborated megafunction instantiation "altsqrt:ALTSQRT_component|lpm_add_sub:subtractors[1]", which is child of megafunction instantiation "altsqrt:ALTSQRT_component" File: d:/intelfpga_lite/17.1/quartus/libraries/megafunctions/altsqrt.tdf Line: 90
Info (12021): Found 1 design units, including 1 entities, in source file db/add_sub_shc.tdf
    Info (12023): Found entity 1: add_sub_shc File: D:/TCC/ukf_hardware/IP/greybox_tmp/db/add_sub_shc.tdf Line: 22
Info (12128): Elaborating entity "add_sub_shc" for hierarchy "altsqrt:ALTSQRT_component|lpm_add_sub:subtractors[1]|add_sub_shc:auto_generated" File: d:/intelfpga_lite/17.1/quartus/libraries/megafunctions/lpm_add_sub.tdf Line: 118
Info (12128): Elaborating entity "lpm_add_sub" for hierarchy "altsqrt:ALTSQRT_component|lpm_add_sub:subtractors[0]" File: d:/intelfpga_lite/17.1/quartus/libraries/megafunctions/altsqrt.tdf Line: 90
Info (12131): Elaborated megafunction instantiation "altsqrt:ALTSQRT_component|lpm_add_sub:subtractors[0]", which is child of megafunction instantiation "altsqrt:ALTSQRT_component" File: d:/intelfpga_lite/17.1/quartus/libraries/megafunctions/altsqrt.tdf Line: 90
Info (12021): Found 1 design units, including 1 entities, in source file db/add_sub_qhc.tdf
    Info (12023): Found entity 1: add_sub_qhc File: D:/TCC/ukf_hardware/IP/greybox_tmp/db/add_sub_qhc.tdf Line: 22
Info (12128): Elaborating entity "add_sub_qhc" for hierarchy "altsqrt:ALTSQRT_component|lpm_add_sub:subtractors[0]|add_sub_qhc:auto_generated" File: d:/intelfpga_lite/17.1/quartus/libraries/megafunctions/lpm_add_sub.tdf Line: 118
Info (12128): Elaborating entity "dffpipe" for hierarchy "altsqrt:ALTSQRT_component|dffpipe:a_delay" File: d:/intelfpga_lite/17.1/quartus/libraries/megafunctions/altsqrt.tdf Line: 99
Info (12131): Elaborated megafunction instantiation "altsqrt:ALTSQRT_component|dffpipe:a_delay", which is child of megafunction instantiation "altsqrt:ALTSQRT_component" File: d:/intelfpga_lite/17.1/quartus/libraries/megafunctions/altsqrt.tdf Line: 99
Info (12128): Elaborating entity "dffpipe" for hierarchy "altsqrt:ALTSQRT_component|dffpipe:b_dffe[15]" File: d:/intelfpga_lite/17.1/quartus/libraries/megafunctions/altsqrt.tdf Line: 107
Info (12131): Elaborated megafunction instantiation "altsqrt:ALTSQRT_component|dffpipe:b_dffe[15]", which is child of megafunction instantiation "altsqrt:ALTSQRT_component" File: d:/intelfpga_lite/17.1/quartus/libraries/megafunctions/altsqrt.tdf Line: 107
Info (12128): Elaborating entity "dffpipe" for hierarchy "altsqrt:ALTSQRT_component|dffpipe:b_dffe[14]" File: d:/intelfpga_lite/17.1/quartus/libraries/megafunctions/altsqrt.tdf Line: 107
Info (12131): Elaborated megafunction instantiation "altsqrt:ALTSQRT_component|dffpipe:b_dffe[14]", which is child of megafunction instantiation "altsqrt:ALTSQRT_component" File: d:/intelfpga_lite/17.1/quartus/libraries/megafunctions/altsqrt.tdf Line: 107
Info (12128): Elaborating entity "dffpipe" for hierarchy "altsqrt:ALTSQRT_component|dffpipe:b_dffe[13]" File: d:/intelfpga_lite/17.1/quartus/libraries/megafunctions/altsqrt.tdf Line: 107
Info (12131): Elaborated megafunction instantiation "altsqrt:ALTSQRT_component|dffpipe:b_dffe[13]", which is child of megafunction instantiation "altsqrt:ALTSQRT_component" File: d:/intelfpga_lite/17.1/quartus/libraries/megafunctions/altsqrt.tdf Line: 107
Info (12128): Elaborating entity "dffpipe" for hierarchy "altsqrt:ALTSQRT_component|dffpipe:b_dffe[12]" File: d:/intelfpga_lite/17.1/quartus/libraries/megafunctions/altsqrt.tdf Line: 107
Info (12131): Elaborated megafunction instantiation "altsqrt:ALTSQRT_component|dffpipe:b_dffe[12]", which is child of megafunction instantiation "altsqrt:ALTSQRT_component" File: d:/intelfpga_lite/17.1/quartus/libraries/megafunctions/altsqrt.tdf Line: 107
Info (12128): Elaborating entity "dffpipe" for hierarchy "altsqrt:ALTSQRT_component|dffpipe:b_dffe[11]" File: d:/intelfpga_lite/17.1/quartus/libraries/megafunctions/altsqrt.tdf Line: 107
Info (12131): Elaborated megafunction instantiation "altsqrt:ALTSQRT_component|dffpipe:b_dffe[11]", which is child of megafunction instantiation "altsqrt:ALTSQRT_component" File: d:/intelfpga_lite/17.1/quartus/libraries/megafunctions/altsqrt.tdf Line: 107
Info (12128): Elaborating entity "dffpipe" for hierarchy "altsqrt:ALTSQRT_component|dffpipe:b_dffe[10]" File: d:/intelfpga_lite/17.1/quartus/libraries/megafunctions/altsqrt.tdf Line: 107
Info (12131): Elaborated megafunction instantiation "altsqrt:ALTSQRT_component|dffpipe:b_dffe[10]", which is child of megafunction instantiation "altsqrt:ALTSQRT_component" File: d:/intelfpga_lite/17.1/quartus/libraries/megafunctions/altsqrt.tdf Line: 107
Info (12128): Elaborating entity "dffpipe" for hierarchy "altsqrt:ALTSQRT_component|dffpipe:b_dffe[9]" File: d:/intelfpga_lite/17.1/quartus/libraries/megafunctions/altsqrt.tdf Line: 107
Info (12131): Elaborated megafunction instantiation "altsqrt:ALTSQRT_component|dffpipe:b_dffe[9]", which is child of megafunction instantiation "altsqrt:ALTSQRT_component" File: d:/intelfpga_lite/17.1/quartus/libraries/megafunctions/altsqrt.tdf Line: 107
Info (12128): Elaborating entity "dffpipe" for hierarchy "altsqrt:ALTSQRT_component|dffpipe:b_dffe[8]" File: d:/intelfpga_lite/17.1/quartus/libraries/megafunctions/altsqrt.tdf Line: 107
Info (12131): Elaborated megafunction instantiation "altsqrt:ALTSQRT_component|dffpipe:b_dffe[8]", which is child of megafunction instantiation "altsqrt:ALTSQRT_component" File: d:/intelfpga_lite/17.1/quartus/libraries/megafunctions/altsqrt.tdf Line: 107
Info (12128): Elaborating entity "dffpipe" for hierarchy "altsqrt:ALTSQRT_component|dffpipe:b_dffe[7]" File: d:/intelfpga_lite/17.1/quartus/libraries/megafunctions/altsqrt.tdf Line: 107
Info (12131): Elaborated megafunction instantiation "altsqrt:ALTSQRT_component|dffpipe:b_dffe[7]", which is child of megafunction instantiation "altsqrt:ALTSQRT_component" File: d:/intelfpga_lite/17.1/quartus/libraries/megafunctions/altsqrt.tdf Line: 107
Info (12128): Elaborating entity "dffpipe" for hierarchy "altsqrt:ALTSQRT_component|dffpipe:b_dffe[6]" File: d:/intelfpga_lite/17.1/quartus/libraries/megafunctions/altsqrt.tdf Line: 107
Info (12131): Elaborated megafunction instantiation "altsqrt:ALTSQRT_component|dffpipe:b_dffe[6]", which is child of megafunction instantiation "altsqrt:ALTSQRT_component" File: d:/intelfpga_lite/17.1/quartus/libraries/megafunctions/altsqrt.tdf Line: 107
Info (12128): Elaborating entity "dffpipe" for hierarchy "altsqrt:ALTSQRT_component|dffpipe:b_dffe[5]" File: d:/intelfpga_lite/17.1/quartus/libraries/megafunctions/altsqrt.tdf Line: 107
Info (12131): Elaborated megafunction instantiation "altsqrt:ALTSQRT_component|dffpipe:b_dffe[5]", which is child of megafunction instantiation "altsqrt:ALTSQRT_component" File: d:/intelfpga_lite/17.1/quartus/libraries/megafunctions/altsqrt.tdf Line: 107
Info (12128): Elaborating entity "dffpipe" for hierarchy "altsqrt:ALTSQRT_component|dffpipe:b_dffe[4]" File: d:/intelfpga_lite/17.1/quartus/libraries/megafunctions/altsqrt.tdf Line: 107
Info (12131): Elaborated megafunction instantiation "altsqrt:ALTSQRT_component|dffpipe:b_dffe[4]", which is child of megafunction instantiation "altsqrt:ALTSQRT_component" File: d:/intelfpga_lite/17.1/quartus/libraries/megafunctions/altsqrt.tdf Line: 107
Info (12128): Elaborating entity "dffpipe" for hierarchy "altsqrt:ALTSQRT_component|dffpipe:b_dffe[3]" File: d:/intelfpga_lite/17.1/quartus/libraries/megafunctions/altsqrt.tdf Line: 107
Info (12131): Elaborated megafunction instantiation "altsqrt:ALTSQRT_component|dffpipe:b_dffe[3]", which is child of megafunction instantiation "altsqrt:ALTSQRT_component" File: d:/intelfpga_lite/17.1/quartus/libraries/megafunctions/altsqrt.tdf Line: 107
Info (12128): Elaborating entity "dffpipe" for hierarchy "altsqrt:ALTSQRT_component|dffpipe:b_dffe[2]" File: d:/intelfpga_lite/17.1/quartus/libraries/megafunctions/altsqrt.tdf Line: 107
Info (12131): Elaborated megafunction instantiation "altsqrt:ALTSQRT_component|dffpipe:b_dffe[2]", which is child of megafunction instantiation "altsqrt:ALTSQRT_component" File: d:/intelfpga_lite/17.1/quartus/libraries/megafunctions/altsqrt.tdf Line: 107
Info (12128): Elaborating entity "dffpipe" for hierarchy "altsqrt:ALTSQRT_component|dffpipe:b_dffe[1]" File: d:/intelfpga_lite/17.1/quartus/libraries/megafunctions/altsqrt.tdf Line: 107
Info (12131): Elaborated megafunction instantiation "altsqrt:ALTSQRT_component|dffpipe:b_dffe[1]", which is child of megafunction instantiation "altsqrt:ALTSQRT_component" File: d:/intelfpga_lite/17.1/quartus/libraries/megafunctions/altsqrt.tdf Line: 107
Info (12128): Elaborating entity "dffpipe" for hierarchy "altsqrt:ALTSQRT_component|dffpipe:b_dffe[0]" File: d:/intelfpga_lite/17.1/quartus/libraries/megafunctions/altsqrt.tdf Line: 107
Info (12131): Elaborated megafunction instantiation "altsqrt:ALTSQRT_component|dffpipe:b_dffe[0]", which is child of megafunction instantiation "altsqrt:ALTSQRT_component" File: d:/intelfpga_lite/17.1/quartus/libraries/megafunctions/altsqrt.tdf Line: 107
Info (12128): Elaborating entity "dffpipe" for hierarchy "altsqrt:ALTSQRT_component|dffpipe:r_dffe[15]" File: d:/intelfpga_lite/17.1/quartus/libraries/megafunctions/altsqrt.tdf Line: 113
Info (12131): Elaborated megafunction instantiation "altsqrt:ALTSQRT_component|dffpipe:r_dffe[15]", which is child of megafunction instantiation "altsqrt:ALTSQRT_component" File: d:/intelfpga_lite/17.1/quartus/libraries/megafunctions/altsqrt.tdf Line: 113
Info (12128): Elaborating entity "dffpipe" for hierarchy "altsqrt:ALTSQRT_component|dffpipe:r_dffe[14]" File: d:/intelfpga_lite/17.1/quartus/libraries/megafunctions/altsqrt.tdf Line: 113
Info (12131): Elaborated megafunction instantiation "altsqrt:ALTSQRT_component|dffpipe:r_dffe[14]", which is child of megafunction instantiation "altsqrt:ALTSQRT_component" File: d:/intelfpga_lite/17.1/quartus/libraries/megafunctions/altsqrt.tdf Line: 113
Info (12128): Elaborating entity "dffpipe" for hierarchy "altsqrt:ALTSQRT_component|dffpipe:r_dffe[13]" File: d:/intelfpga_lite/17.1/quartus/libraries/megafunctions/altsqrt.tdf Line: 113
Info (12131): Elaborated megafunction instantiation "altsqrt:ALTSQRT_component|dffpipe:r_dffe[13]", which is child of megafunction instantiation "altsqrt:ALTSQRT_component" File: d:/intelfpga_lite/17.1/quartus/libraries/megafunctions/altsqrt.tdf Line: 113
Info (12128): Elaborating entity "dffpipe" for hierarchy "altsqrt:ALTSQRT_component|dffpipe:r_dffe[12]" File: d:/intelfpga_lite/17.1/quartus/libraries/megafunctions/altsqrt.tdf Line: 113
Info (12131): Elaborated megafunction instantiation "altsqrt:ALTSQRT_component|dffpipe:r_dffe[12]", which is child of megafunction instantiation "altsqrt:ALTSQRT_component" File: d:/intelfpga_lite/17.1/quartus/libraries/megafunctions/altsqrt.tdf Line: 113
Info (12128): Elaborating entity "dffpipe" for hierarchy "altsqrt:ALTSQRT_component|dffpipe:r_dffe[11]" File: d:/intelfpga_lite/17.1/quartus/libraries/megafunctions/altsqrt.tdf Line: 113
Info (12131): Elaborated megafunction instantiation "altsqrt:ALTSQRT_component|dffpipe:r_dffe[11]", which is child of megafunction instantiation "altsqrt:ALTSQRT_component" File: d:/intelfpga_lite/17.1/quartus/libraries/megafunctions/altsqrt.tdf Line: 113
Info (12128): Elaborating entity "dffpipe" for hierarchy "altsqrt:ALTSQRT_component|dffpipe:r_dffe[10]" File: d:/intelfpga_lite/17.1/quartus/libraries/megafunctions/altsqrt.tdf Line: 113
Info (12131): Elaborated megafunction instantiation "altsqrt:ALTSQRT_component|dffpipe:r_dffe[10]", which is child of megafunction instantiation "altsqrt:ALTSQRT_component" File: d:/intelfpga_lite/17.1/quartus/libraries/megafunctions/altsqrt.tdf Line: 113
Info (12128): Elaborating entity "dffpipe" for hierarchy "altsqrt:ALTSQRT_component|dffpipe:r_dffe[9]" File: d:/intelfpga_lite/17.1/quartus/libraries/megafunctions/altsqrt.tdf Line: 113
Info (12131): Elaborated megafunction instantiation "altsqrt:ALTSQRT_component|dffpipe:r_dffe[9]", which is child of megafunction instantiation "altsqrt:ALTSQRT_component" File: d:/intelfpga_lite/17.1/quartus/libraries/megafunctions/altsqrt.tdf Line: 113
Info (12128): Elaborating entity "dffpipe" for hierarchy "altsqrt:ALTSQRT_component|dffpipe:r_dffe[8]" File: d:/intelfpga_lite/17.1/quartus/libraries/megafunctions/altsqrt.tdf Line: 113
Info (12131): Elaborated megafunction instantiation "altsqrt:ALTSQRT_component|dffpipe:r_dffe[8]", which is child of megafunction instantiation "altsqrt:ALTSQRT_component" File: d:/intelfpga_lite/17.1/quartus/libraries/megafunctions/altsqrt.tdf Line: 113
Info (12128): Elaborating entity "dffpipe" for hierarchy "altsqrt:ALTSQRT_component|dffpipe:r_dffe[7]" File: d:/intelfpga_lite/17.1/quartus/libraries/megafunctions/altsqrt.tdf Line: 113
Info (12131): Elaborated megafunction instantiation "altsqrt:ALTSQRT_component|dffpipe:r_dffe[7]", which is child of megafunction instantiation "altsqrt:ALTSQRT_component" File: d:/intelfpga_lite/17.1/quartus/libraries/megafunctions/altsqrt.tdf Line: 113
Info (12128): Elaborating entity "dffpipe" for hierarchy "altsqrt:ALTSQRT_component|dffpipe:r_dffe[6]" File: d:/intelfpga_lite/17.1/quartus/libraries/megafunctions/altsqrt.tdf Line: 113
Info (12131): Elaborated megafunction instantiation "altsqrt:ALTSQRT_component|dffpipe:r_dffe[6]", which is child of megafunction instantiation "altsqrt:ALTSQRT_component" File: d:/intelfpga_lite/17.1/quartus/libraries/megafunctions/altsqrt.tdf Line: 113
Info (12128): Elaborating entity "dffpipe" for hierarchy "altsqrt:ALTSQRT_component|dffpipe:r_dffe[5]" File: d:/intelfpga_lite/17.1/quartus/libraries/megafunctions/altsqrt.tdf Line: 113
Info (12131): Elaborated megafunction instantiation "altsqrt:ALTSQRT_component|dffpipe:r_dffe[5]", which is child of megafunction instantiation "altsqrt:ALTSQRT_component" File: d:/intelfpga_lite/17.1/quartus/libraries/megafunctions/altsqrt.tdf Line: 113
Info (12128): Elaborating entity "dffpipe" for hierarchy "altsqrt:ALTSQRT_component|dffpipe:r_dffe[4]" File: d:/intelfpga_lite/17.1/quartus/libraries/megafunctions/altsqrt.tdf Line: 113
Info (12131): Elaborated megafunction instantiation "altsqrt:ALTSQRT_component|dffpipe:r_dffe[4]", which is child of megafunction instantiation "altsqrt:ALTSQRT_component" File: d:/intelfpga_lite/17.1/quartus/libraries/megafunctions/altsqrt.tdf Line: 113
Info (12128): Elaborating entity "dffpipe" for hierarchy "altsqrt:ALTSQRT_component|dffpipe:r_dffe[3]" File: d:/intelfpga_lite/17.1/quartus/libraries/megafunctions/altsqrt.tdf Line: 113
Info (12131): Elaborated megafunction instantiation "altsqrt:ALTSQRT_component|dffpipe:r_dffe[3]", which is child of megafunction instantiation "altsqrt:ALTSQRT_component" File: d:/intelfpga_lite/17.1/quartus/libraries/megafunctions/altsqrt.tdf Line: 113
Info (12128): Elaborating entity "dffpipe" for hierarchy "altsqrt:ALTSQRT_component|dffpipe:r_dffe[2]" File: d:/intelfpga_lite/17.1/quartus/libraries/megafunctions/altsqrt.tdf Line: 113
Info (12131): Elaborated megafunction instantiation "altsqrt:ALTSQRT_component|dffpipe:r_dffe[2]", which is child of megafunction instantiation "altsqrt:ALTSQRT_component" File: d:/intelfpga_lite/17.1/quartus/libraries/megafunctions/altsqrt.tdf Line: 113
Info (12128): Elaborating entity "dffpipe" for hierarchy "altsqrt:ALTSQRT_component|dffpipe:r_dffe[1]" File: d:/intelfpga_lite/17.1/quartus/libraries/megafunctions/altsqrt.tdf Line: 113
Info (12131): Elaborated megafunction instantiation "altsqrt:ALTSQRT_component|dffpipe:r_dffe[1]", which is child of megafunction instantiation "altsqrt:ALTSQRT_component" File: d:/intelfpga_lite/17.1/quartus/libraries/megafunctions/altsqrt.tdf Line: 113
Info (12128): Elaborating entity "dffpipe" for hierarchy "altsqrt:ALTSQRT_component|dffpipe:r_dffe[0]" File: d:/intelfpga_lite/17.1/quartus/libraries/megafunctions/altsqrt.tdf Line: 113
Info (12131): Elaborated megafunction instantiation "altsqrt:ALTSQRT_component|dffpipe:r_dffe[0]", which is child of megafunction instantiation "altsqrt:ALTSQRT_component" File: d:/intelfpga_lite/17.1/quartus/libraries/megafunctions/altsqrt.tdf Line: 113
Info (13014): Ignored 16 buffer(s)
    Info (13016): Ignored 16 CARRY_SUM buffer(s)
Info (286030): Timing-Driven Synthesis is running
Info (16010): Generating hard_block partition "hard_block:auto_generated_inst"
    Info (16011): Adding 0 node(s), including 0 DDIO, 0 PLL, 0 transceiver and 0 LCELL
Info (21057): Implemented 351 device resources after synthesis - the final resource count might be different
    Info (21058): Implemented 32 input pins
    Info (21059): Implemented 33 output pins
    Info (21061): Implemented 286 logic cells
Info: Quartus Prime Analysis & Synthesis was successful. 0 errors, 1 warning
    Info: Peak virtual memory: 4855 megabytes
    Info: Processing ended: Mon Oct 08 16:32:03 2018
    Info: Elapsed time: 00:00:18
    Info: Total CPU time (on all processors): 00:00:32


